<?xml version="1.0" encoding="UTF-8"?>
<testsuite xmlns:xsi="http://www.w3.org/2001/XMLSchema-instance" xsi:noNamespaceSchemaLocation="https://maven.apache.org/surefire/maven-surefire-plugin/xsd/surefire-test-report.xsd" name="at.fhj.iit.LiquidTest" time="0.084" tests="5" errors="0" skipped="0" failures="0">
  <properties>
[...]
</properties>
  <testcase name="testNameSetter" classname="at.fhj.iit.LiquidTest" time="0.068"/>
  <testcase name="testConstructorNonAlcoholic" classname="at.fhj.iit.LiquidTest" time="0"/>
  <testcase name="testVolumeSetter" classname="at.fhj.iit.LiquidTest" time="0"/>
  <testcase name="testAlcoholPercentSetter" classname="at.fhj.iit.LiquidTest" time="0"/>
  <testcase name="testConstructorAlcoholic" classname="at.fhj.iit.LiquidTest" time="0.004"/>
</testsuite>